#
# There is insufficient memory for the Java Runtime Environment to continue.
# Native memory allocation (malloc) failed to allocate 1152720 bytes for Chunk::new
# Possible reasons:
#   The system is out of physical RAM or swap space
#   In 32 bit mode, the process size limit was hit
# Possible solutions:
#   Reduce memory load on the system
#   Increase physical memory or swap space
#   Check if swap backing store is full
#   Use 64 bit Java on a 64 bit OS
#   Decrease Java heap size (-Xmx/-Xms)
#   Decrease number of Java threads
#   Decrease Java thread stack sizes (-Xss)
#   Set larger code cache with -XX:ReservedCodeCacheSize=
# This output file may be truncated or incomplete.
#
#  Out of Memory Error (allocation.cpp:390), pid=19008, tid=0x00000000000028a0
#
# JRE version: OpenJDK Runtime Environment (8.0_152-b06) (build 1.8.0_152-release-1136-b06)
# Java VM: OpenJDK 64-Bit Server VM (25.152-b06 mixed mode windows-amd64 compressed oops)
# Failed to write core dump. Minidumps are not enabled by default on client versions of Windows
#

---------------  T H R E A D  ---------------

Current thread (0x0000000016240000):  JavaThread "C2 CompilerThread0" daemon [_thread_in_native, id=10400, stack(0x0000000017b90000,0x0000000017c90000)]

Stack: [0x0000000017b90000,0x0000000017c90000]
[error occurred during error reporting (printing stack bounds), id 0xc0000005]

Native frames: (J=compiled Java code, j=interpreted, Vv=VM code, C=native code)


Current CompileTask:
C2:   9334 6150       4       java.lang.Class::privateGetPublicMethods (267 bytes)


---------------  P R O C E S S  ---------------

Java Threads: ( => current thread )
  0x000000001f2e2800 JavaThread "pool-2-thread-2" [_thread_blocked, id=15972, stack(0x0000000023590000,0x0000000023690000)]
  0x000000001f2df800 JavaThread "pool-2-thread-1" [_thread_blocked, id=16732, stack(0x0000000023490000,0x0000000023590000)]
  0x000000001d220800 JavaThread "Memory manager" [_thread_blocked, id=11352, stack(0x00000000213c0000,0x00000000214c0000)]
  0x000000001d21c000 JavaThread "Build operations Thread 4" [_thread_blocked, id=14544, stack(0x0000000020ec0000,0x0000000020fc0000)]
  0x000000001d21e800 JavaThread "Build operations Thread 3" [_thread_blocked, id=5276, stack(0x0000000020dc0000,0x0000000020ec0000)]
  0x000000001d21b800 JavaThread "Build operations Thread 2" [_thread_blocked, id=17076, stack(0x0000000020cc0000,0x0000000020dc0000)]
  0x000000001d21f000 JavaThread "Build operations" [_thread_blocked, id=18976, stack(0x0000000020bc0000,0x0000000020cc0000)]
  0x000000001d220000 JavaThread "Cache worker for Artifact transforms cache (D:\AndroidWork\.gradle\caches\transforms-1)" [_thread_blocked, id=716, stack(0x000000001e310000,0x000000001e410000)]
  0x000000001afd1800 JavaThread "Cache worker for file hash cache (E:\AndroidProject\AntiFrida\.gradle\4.6\fileHashes)" [_thread_blocked, id=16876, stack(0x000000001c8b0000,0x000000001c9b0000)]
  0x000000001ac40800 JavaThread "File lock request listener" [_thread_in_native, id=14848, stack(0x000000001b7e0000,0x000000001b8e0000)]
  0x00000000193e3800 JavaThread "Cache worker for file hash cache (D:\AndroidWork\.gradle\caches\4.6\fileHashes)" [_thread_blocked, id=15008, stack(0x000000001b6e0000,0x000000001b7e0000)]
  0x0000000019253000 JavaThread "Stdin handler" [_thread_blocked, id=4772, stack(0x000000001a410000,0x000000001a510000)]
  0x0000000019252800 JavaThread "Asynchronous log dispatcher for DefaultDaemonConnection: socket connection from /127.0.0.1:10579 to /127.0.0.1:10580" [_thread_blocked, id=17664, stack(0x000000001a310000,0x000000001a410000)]
  0x000000001925b000 JavaThread "Daemon worker" [_thread_in_vm, id=14480, stack(0x000000001a210000,0x000000001a310000)]
  0x000000001925a000 JavaThread "Cancel handler" [_thread_blocked, id=12392, stack(0x000000001a110000,0x000000001a210000)]
  0x00000000191e6800 JavaThread "Handler for socket connection from /127.0.0.1:10579 to /127.0.0.1:10580" [_thread_in_native, id=17888, stack(0x0000000019e10000,0x0000000019f10000)]
  0x00000000191e5800 JavaThread "Daemon" [_thread_blocked, id=17208, stack(0x0000000019d10000,0x0000000019e10000)]
  0x00000000191da000 JavaThread "Daemon periodic checks" [_thread_blocked, id=2848, stack(0x0000000019c10000,0x0000000019d10000)]
  0x0000000019061000 JavaThread "Incoming local TCP Connector on port 10579" [_thread_in_native, id=18632, stack(0x0000000019a60000,0x0000000019b60000)]
  0x000000001761b800 JavaThread "Service Thread" daemon [_thread_blocked, id=18348, stack(0x0000000017e90000,0x0000000017f90000)]
  0x00000000175a1000 JavaThread "C1 CompilerThread2" daemon [_thread_blocked, id=16108, stack(0x0000000017d90000,0x0000000017e90000)]
  0x0000000017599000 JavaThread "C2 CompilerThread1" daemon [_thread_in_vm, id=19024, stack(0x0000000017c90000,0x0000000017d90000)]
=>0x0000000016240000 JavaThread "C2 CompilerThread0" daemon [_thread_in_native, id=10400, stack(0x0000000017b90000,0x0000000017c90000)]
  0x000000001623f000 JavaThread "Attach Listener" daemon [_thread_blocked, id=19376, stack(0x0000000017a90000,0x0000000017b90000)]
  0x0000000017598800 JavaThread "Signal Dispatcher" daemon [_thread_blocked, id=15720, stack(0x0000000017990000,0x0000000017a90000)]
  0x00000000028bd000 JavaThread "Finalizer" daemon [_thread_blocked, id=16232, stack(0x0000000017490000,0x0000000017590000)]
  0x00000000028b2000 JavaThread "Reference Handler" daemon [_thread_blocked, id=15924, stack(0x0000000017390000,0x0000000017490000)]
  0x00000000027c2800 JavaThread "main" [_thread_blocked, id=18272, stack(0x00000000026c0000,0x00000000027c0000)]

Other Threads:
  0x00000000161f5000 VMThread [stack: 0x0000000017290000,0x0000000017390000] [id=6596]
  0x000000001761d000 WatcherThread [stack: 0x0000000017f90000,0x0000000018090000] [id=13572]

VM state:not at safepoint (normal execution)

VM Mutex/Monitor currently owned by a thread: None

Heap:
 PSYoungGen      total 276992K, used 23346K [0x00000000e0000000, 0x00000000f9700000, 0x0000000100000000)
  eden space 252928K, 9% used [0x00000000e0000000,0x00000000e16cca00,0x00000000ef700000)
  from space 24064K, 0% used [0x00000000ef700000,0x00000000ef700000,0x00000000f0e80000)
  to   space 28672K, 0% used [0x00000000f7b00000,0x00000000f7b00000,0x00000000f9700000)
 ParOldGen       total 142336K, used 44854K [0x00000000a0000000, 0x00000000a8b00000, 0x00000000e0000000)
  object space 142336K, 31% used [0x00000000a0000000,0x00000000a2bcdaf0,0x00000000a8b00000)
 Metaspace       used 57994K, capacity 60104K, committed 60308K, reserved 1101824K
  class space    used 7939K, capacity 8480K, committed 8596K, reserved 1048576K

Card table byte_map: [0x0000000011c80000,0x0000000011f90000] byte_map_base: 0x0000000011780000

Marking Bits: (ParMarkBitMap*) 0x00000000693a5aa0
 Begin Bits: [0x0000000012590000, 0x0000000013d90000)
 End Bits:   [0x0000000013d90000, 0x0000000015590000)

Polling page: 0x00000000001f0000

CodeCache: size=245760Kb used=21026Kb max_used=21052Kb free=224733Kb
 bounds [0x00000000028c0000, 0x0000000003d60000, 0x00000000118c0000]
 total_blobs=6696 nmethods=5920 adapters=688
 compilation: enabled

Compilation events (10 events):
Event: 9.312 Thread 0x00000000175a1000 6412       3       org.gradle.internal.resolve.result.DefaultBuildableComponentIdResolveResult::hasResult (20 bytes)
Event: 9.313 Thread 0x00000000175a1000 nmethod 6412 0x0000000003d42450 code [0x0000000003d425a0, 0x0000000003d42790]
Event: 9.313 Thread 0x00000000175a1000 6411       3       org.gradle.internal.id.LongIdGenerator::generateId (11 bytes)
Event: 9.313 Thread 0x00000000175a1000 nmethod 6411 0x0000000003d42810 code [0x0000000003d42980, 0x0000000003d42c08]
Event: 9.313 Thread 0x00000000175a1000 6413   !   3       org.gradle.cache.internal.DefaultCacheAccess::useCache (191 bytes)
Event: 9.314 Thread 0x00000000175a1000 nmethod 6413 0x0000000003d42d10 code [0x0000000003d431a0, 0x0000000003d457b8]
Event: 9.314 Thread 0x00000000175a1000 6414       3       org.gradle.cache.internal.DefaultCacheAccess::onStartWork (22 bytes)
Event: 9.314 Thread 0x00000000175a1000 nmethod 6414 0x0000000003d47590 code [0x0000000003d47700, 0x0000000003d47988]
Event: 9.314 Thread 0x00000000175a1000 6415       3       java.io.FileInputStream::read (8 bytes)
Event: 9.314 Thread 0x00000000175a1000 nmethod 6415 0x0000000003d47a50 code [0x0000000003d47bc0, 0x0000000003d47d48]

GC Heap History (10 events):
Event: 5.630 GC heap before
{Heap before GC invocations=8 (full 2):
 PSYoungGen      total 176640K, used 9191K [0x00000000e0000000, 0x00000000ef400000, 0x0000000100000000)
  eden space 162304K, 0% used [0x00000000e0000000,0x00000000e0000000,0x00000000e9e80000)
  from space 14336K, 64% used [0x00000000eac00000,0x00000000eb4f9f58,0x00000000eba00000)
  to   space 13824K, 0% used [0x00000000e9e80000,0x00000000e9e80000,0x00000000eac00000)
 ParOldGen       total 100352K, used 11640K [0x00000000a0000000, 0x00000000a6200000, 0x00000000e0000000)
  object space 100352K, 11% used [0x00000000a0000000,0x00000000a0b5e158,0x00000000a6200000)
 Metaspace       used 34385K, capacity 35330K, committed 35416K, reserved 1079296K
  class space    used 4801K, capacity 5120K, committed 5120K, reserved 1048576K
Event: 5.674 GC heap after
Heap after GC invocations=8 (full 2):
 PSYoungGen      total 176640K, used 0K [0x00000000e0000000, 0x00000000ef400000, 0x0000000100000000)
  eden space 162304K, 0% used [0x00000000e0000000,0x00000000e0000000,0x00000000e9e80000)
  from space 14336K, 0% used [0x00000000eac00000,0x00000000eac00000,0x00000000eba00000)
  to   space 13824K, 0% used [0x00000000e9e80000,0x00000000e9e80000,0x00000000eac00000)
 ParOldGen       total 142336K, used 15973K [0x00000000a0000000, 0x00000000a8b00000, 0x00000000e0000000)
  object space 142336K, 11% used [0x00000000a0000000,0x00000000a0f99470,0x00000000a8b00000)
 Metaspace       used 34385K, capacity 35330K, committed 35416K, reserved 1079296K
  class space    used 4801K, capacity 5120K, committed 5120K, reserved 1048576K
}
Event: 6.969 GC heap before
{Heap before GC invocations=9 (full 2):
 PSYoungGen      total 176640K, used 162304K [0x00000000e0000000, 0x00000000ef400000, 0x0000000100000000)
  eden space 162304K, 100% used [0x00000000e0000000,0x00000000e9e80000,0x00000000e9e80000)
  from space 14336K, 0% used [0x00000000eac00000,0x00000000eac00000,0x00000000eba00000)
  to   space 13824K, 0% used [0x00000000e9e80000,0x00000000e9e80000,0x00000000eac00000)
 ParOldGen       total 142336K, used 15973K [0x00000000a0000000, 0x00000000a8b00000, 0x00000000e0000000)
  object space 142336K, 11% used [0x00000000a0000000,0x00000000a0f99470,0x00000000a8b00000)
 Metaspace       used 45266K, capacity 46458K, committed 46848K, reserved 1089536K
  class space    used 6170K, capacity 6563K, committed 6656K, reserved 1048576K
Event: 6.988 GC heap after
Heap after GC invocations=9 (full 2):
 PSYoungGen      total 176128K, used 13817K [0x00000000e0000000, 0x00000000f1f80000, 0x0000000100000000)
  eden space 162304K, 0% used [0x00000000e0000000,0x00000000e0000000,0x00000000e9e80000)
  from space 13824K, 99% used [0x00000000e9e80000,0x00000000eabfe480,0x00000000eac00000)
  to   space 17408K, 0% used [0x00000000f0e80000,0x00000000f0e80000,0x00000000f1f80000)
 ParOldGen       total 142336K, used 20706K [0x00000000a0000000, 0x00000000a8b00000, 0x00000000e0000000)
  object space 142336K, 14% used [0x00000000a0000000,0x00000000a1438b20,0x00000000a8b00000)
 Metaspace       used 45266K, capacity 46458K, committed 46848K, reserved 1089536K
  class space    used 6170K, capacity 6563K, committed 6656K, reserved 1048576K
}
Event: 8.607 GC heap before
{Heap before GC invocations=10 (full 2):
 PSYoungGen      total 176128K, used 176121K [0x00000000e0000000, 0x00000000f1f80000, 0x0000000100000000)
  eden space 162304K, 100% used [0x00000000e0000000,0x00000000e9e80000,0x00000000e9e80000)
  from space 13824K, 99% used [0x00000000e9e80000,0x00000000eabfe480,0x00000000eac00000)
  to   space 17408K, 0% used [0x00000000f0e80000,0x00000000f0e80000,0x00000000f1f80000)
 ParOldGen       total 142336K, used 20706K [0x00000000a0000000, 0x00000000a8b00000, 0x00000000e0000000)
  object space 142336K, 14% used [0x00000000a0000000,0x00000000a1438b20,0x00000000a8b00000)
 Metaspace       used 56668K, capacity 58612K, committed 58752K, reserved 1099776K
  class space    used 7744K, capacity 8284K, committed 8320K, reserved 1048576K
Event: 8.625 GC heap after
Heap after GC invocations=10 (full 2):
 PSYoungGen      total 270336K, used 17405K [0x00000000e0000000, 0x00000000f2600000, 0x0000000100000000)
  eden space 252928K, 0% used [0x00000000e0000000,0x00000000e0000000,0x00000000ef700000)
  from space 17408K, 99% used [0x00000000f0e80000,0x00000000f1f7f7c8,0x00000000f1f80000)
  to   space 24064K, 0% used [0x00000000ef700000,0x00000000ef700000,0x00000000f0e80000)
 ParOldGen       total 142336K, used 30277K [0x00000000a0000000, 0x00000000a8b00000, 0x00000000e0000000)
  object space 142336K, 21% used [0x00000000a0000000,0x00000000a1d91428,0x00000000a8b00000)
 Metaspace       used 56668K, capacity 58612K, committed 58752K, reserved 1099776K
  class space    used 7744K, capacity 8284K, committed 8320K, reserved 1048576K
}
Event: 8.898 GC heap before
{Heap before GC invocations=11 (full 2):
 PSYoungGen      total 270336K, used 103217K [0x00000000e0000000, 0x00000000f2600000, 0x0000000100000000)
  eden space 252928K, 33% used [0x00000000e0000000,0x00000000e53ccf30,0x00000000ef700000)
  from space 17408K, 99% used [0x00000000f0e80000,0x00000000f1f7f7c8,0x00000000f1f80000)
  to   space 24064K, 0% used [0x00000000ef700000,0x00000000ef700000,0x00000000f0e80000)
 ParOldGen       total 142336K, used 30277K [0x00000000a0000000, 0x00000000a8b00000, 0x00000000e0000000)
  object space 142336K, 21% used [0x00000000a0000000,0x00000000a1d91428,0x00000000a8b00000)
 Metaspace       used 57067K, capacity 59018K, committed 59028K, reserved 1099776K
  class space    used 7810K, capacity 8333K, committed 8340K, reserved 1048576K
Event: 8.930 GC heap after
Heap after GC invocations=11 (full 2):
 PSYoungGen      total 276992K, used 24045K [0x00000000e0000000, 0x00000000f9700000, 0x0000000100000000)
  eden space 252928K, 0% used [0x00000000e0000000,0x00000000e0000000,0x00000000ef700000)
  from space 24064K, 99% used [0x00000000ef700000,0x00000000f0e7b7c8,0x00000000f0e80000)
  to   space 28672K, 0% used [0x00000000f7b00000,0x00000000f7b00000,0x00000000f9700000)
 ParOldGen       total 142336K, used 33601K [0x00000000a0000000, 0x00000000a8b00000, 0x00000000e0000000)
  object space 142336K, 23% used [0x00000000a0000000,0x00000000a20d0638,0x00000000a8b00000)
 Metaspace       used 57067K, capacity 59018K, committed 59028K, reserved 1099776K
  class space    used 7810K, capacity 8333K, committed 8340K, reserved 1048576K
}
Event: 8.930 GC heap before
{Heap before GC invocations=12 (full 3):
 PSYoungGen      total 276992K, used 24045K [0x00000000e0000000, 0x00000000f9700000, 0x0000000100000000)
  eden space 252928K, 0% used [0x00000000e0000000,0x00000000e0000000,0x00000000ef700000)
  from space 24064K, 99% used [0x00000000ef700000,0x00000000f0e7b7c8,0x00000000f0e80000)
  to   space 28672K, 0% used [0x00000000f7b00000,0x00000000f7b00000,0x00000000f9700000)
 ParOldGen       total 142336K, used 33601K [0x00000000a0000000, 0x00000000a8b00000, 0x00000000e0000000)
  object space 142336K, 23% used [0x00000000a0000000,0x00000000a20d0638,0x00000000a8b00000)
 Metaspace       used 57067K, capacity 59018K, committed 59028K, reserved 1099776K
  class space    used 7810K, capacity 8333K, committed 8340K, reserved 1048576K
Event: 9.171 GC heap after
Heap after GC invocations=12 (full 3):
 PSYoungGen      total 276992K, used 0K [0x00000000e0000000, 0x00000000f9700000, 0x0000000100000000)
  eden space 252928K, 0% used [0x00000000e0000000,0x00000000e0000000,0x00000000ef700000)
  from space 24064K, 0% used [0x00000000ef700000,0x00000000ef700000,0x00000000f0e80000)
  to   space 28672K, 0% used [0x00000000f7b00000,0x00000000f7b00000,0x00000000f9700000)
 ParOldGen       total 142336K, used 44854K [0x00000000a0000000, 0x00000000a8b00000, 0x00000000e0000000)
  object space 142336K, 31% used [0x00000000a0000000,0x00000000a2bcdaf0,0x00000000a8b00000)
 Metaspace       used 57067K, capacity 59018K, committed 59028K, reserved 1099776K
  class space    used 7810K, capacity 8333K, committed 8340K, reserved 1048576K
}

Deoptimization events (10 events):
Event: 8.513 Thread 0x000000001925b000 Uncommon trap: reason=unstable_if action=reinterpret pc=0x00000000035487f8 method=groovy.lang.MetaClassImpl.checkIfStdMethod(Lgroovy/lang/MetaMethod;)V @ 55
Event: 8.724 Thread 0x000000001925b000 Uncommon trap: reason=predicate action=maybe_recompile pc=0x0000000003c8e5b8 method=java.util.AbstractCollection.toArray([Ljava/lang/Object;)[Ljava/lang/Object; @ 49
Event: 8.765 Thread 0x000000001925b000 Uncommon trap: reason=array_check action=maybe_recompile pc=0x0000000003caf1ac method=java.util.AbstractCollection.toArray([Ljava/lang/Object;)[Ljava/lang/Object; @ 119
Event: 8.765 Thread 0x000000001925b000 Uncommon trap: reason=array_check action=maybe_recompile pc=0x0000000003caf1ac method=java.util.AbstractCollection.toArray([Ljava/lang/Object;)[Ljava/lang/Object; @ 119
Event: 8.765 Thread 0x000000001925b000 Uncommon trap: reason=array_check action=maybe_recompile pc=0x0000000003caf1ac method=java.util.AbstractCollection.toArray([Ljava/lang/Object;)[Ljava/lang/Object; @ 119
Event: 8.765 Thread 0x000000001925b000 Uncommon trap: reason=array_check action=maybe_recompile pc=0x0000000003caf1ac method=java.util.AbstractCollection.toArray([Ljava/lang/Object;)[Ljava/lang/Object; @ 119
Event: 9.174 Thread 0x000000001925b000 Uncommon trap: reason=unstable_if action=reinterpret pc=0x0000000003cac9c4 method=org.codehaus.groovy.reflection.CachedClass.isAssignableFrom(Ljava/lang/Class;)Z @ 1
Event: 9.253 Thread 0x000000001925b000 Uncommon trap: reason=unstable_if action=reinterpret pc=0x0000000002adca84 method=com.esotericsoftware.kryo.io.Input.readUtf8(I)V @ 79
Event: 9.318 Thread 0x000000001925b000 Uncommon trap: reason=unstable_if action=reinterpret pc=0x0000000003858eb4 method=java.util.regex.Pattern.closure(Ljava/util/regex/Pattern$Node;)Ljava/util/regex/Pattern$Node; @ 113
Event: 9.318 Thread 0x000000001925b000 Uncommon trap: reason=unstable_if action=reinterpret pc=0x0000000002d5e2a8 method=java.lang.AbstractStringBuilder.append(Ljava/lang/String;)Ljava/lang/AbstractStringBuilder; @ 1

Classes redefined (0 events):
No events

Internal exceptions (10 events):
Event: 9.190 Thread 0x000000001925b000 Exception <a 'java/lang/ClassNotFoundException': org/gradle/api/internal/artifacts/configurations/DefaultConfiguration_DecoratedCustomizer> (0x00000000e02cb2e0) thrown at [D:\src\AOSP-openjdk-cygwin\jdk8u\hotspot\src\share\vm\classfile\systemDictionary.cp
Event: 9.193 Thread 0x000000001925b000 Exception <a 'java/lang/ClassNotFoundException': org/gradle/api/internal/artifacts/DefaultPublishArtifactSetBeanInfo> (0x00000000e039de68) thrown at [D:\src\AOSP-openjdk-cygwin\jdk8u\hotspot\src\share\vm\classfile\systemDictionary.cpp, line 210]
Event: 9.193 Thread 0x000000001925b000 Exception <a 'java/lang/ClassNotFoundException': org/gradle/api/internal/DelegatingDomainObjectSetBeanInfo> (0x00000000e03b2d18) thrown at [D:\src\AOSP-openjdk-cygwin\jdk8u\hotspot\src\share\vm\classfile\systemDictionary.cpp, line 210]
Event: 9.193 Thread 0x000000001925b000 Exception <a 'java/lang/ClassNotFoundException': org/gradle/api/internal/DelegatingDomainObjectSetCustomizer> (0x00000000e03c8960) thrown at [D:\src\AOSP-openjdk-cygwin\jdk8u\hotspot\src\share\vm\classfile\systemDictionary.cpp, line 210]
Event: 9.194 Thread 0x000000001925b000 Exception <a 'java/lang/ClassNotFoundException': org/gradle/api/internal/artifacts/DefaultPublishArtifactSetCustomizer> (0x00000000e0416388) thrown at [D:\src\AOSP-openjdk-cygwin\jdk8u\hotspot\src\share\vm\classfile\systemDictionary.cpp, line 210]
Event: 9.195 Thread 0x000000001925b000 Exception <a 'java/lang/ClassNotFoundException': org/gradle/api/internal/file/DefaultFileCollectionFactory$1BeanInfo> (0x00000000e0454978) thrown at [D:\src\AOSP-openjdk-cygwin\jdk8u\hotspot\src\share\vm\classfile\systemDictionary.cpp, line 210]
Event: 9.195 Thread 0x000000001925b000 Exception <a 'java/lang/ClassNotFoundException': org/gradle/api/internal/file/collections/FileCollectionAdapterBeanInfo> (0x00000000e046c8c0) thrown at [D:\src\AOSP-openjdk-cygwin\jdk8u\hotspot\src\share\vm\classfile\systemDictionary.cpp, line 210]
Event: 9.195 Thread 0x000000001925b000 Exception <a 'java/lang/ClassNotFoundException': org/gradle/api/internal/file/collections/FileCollectionAdapterCustomizer> (0x00000000e04ce798) thrown at [D:\src\AOSP-openjdk-cygwin\jdk8u\hotspot\src\share\vm\classfile\systemDictionary.cpp, line 210]
Event: 9.196 Thread 0x000000001925b000 Exception <a 'java/lang/ClassNotFoundException': org/gradle/api/internal/file/DefaultFileCollectionFactory$1Customizer> (0x00000000e04ef6c0) thrown at [D:\src\AOSP-openjdk-cygwin\jdk8u\hotspot\src\share\vm\classfile\systemDictionary.cpp, line 210]
Event: 9.318 Thread 0x000000001925b000 Implicit null exception at 0x0000000002d5dd62 to 0x0000000002d5e299

Events (10 events):
Event: 9.329 loading class org/apache/commons/io/input/ClosedInputStream
Event: 9.329 loading class org/apache/commons/io/input/ClosedInputStream done
Event: 9.329 loading class java/io/SequenceInputStream
Event: 9.329 loading class java/io/SequenceInputStream done
Event: 9.329 loading class org/gradle/api/internal/artifacts/ivyservice/ivyresolve/parser/PomReader$1
Event: 9.329 loading class org/gradle/api/internal/artifacts/ivyservice/ivyresolve/parser/PomReader$1 done
Event: 9.329 loading class org/gradle/api/internal/artifacts/ivyservice/ivyresolve/parser/RootPomParent
Event: 9.329 loading class org/gradle/api/internal/artifacts/ivyservice/ivyresolve/parser/RootPomParent done
Event: 9.330 loading class org/gradle/api/internal/artifacts/ivyservice/ivyresolve/parser/PomReader$2
Event: 9.330 loading class org/gradle/api/internal/artifacts/ivyservice/ivyresolve/parser/PomReader$2 done


Dynamic libraries:
0x00007ff7e11f0000 - 0x00007ff7e1221000 	C:\Program Files\android-studio\jre\bin\java.exe
0x00007ff8bf7e0000 - 0x00007ff8bf9c1000 	C:\WINDOWS\SYSTEM32\ntdll.dll
0x00007ff8bd910000 - 0x00007ff8bd9c1000 	C:\WINDOWS\System32\KERNEL32.DLL
0x00007ff8bbd30000 - 0x00007ff8bbfa3000 	C:\WINDOWS\System32\KERNELBASE.dll
0x00007ff8bde50000 - 0x00007ff8bdef1000 	C:\WINDOWS\System32\ADVAPI32.dll
0x00007ff8bf470000 - 0x00007ff8bf50e000 	C:\WINDOWS\System32\msvcrt.dll
0x00007ff8bf670000 - 0x00007ff8bf6cb000 	C:\WINDOWS\System32\sechost.dll
0x00007ff8bdf00000 - 0x00007ff8be024000 	C:\WINDOWS\System32\RPCRT4.dll
0x00007ff8bd1c0000 - 0x00007ff8bd350000 	C:\WINDOWS\System32\USER32.dll
0x00007ff8bbc10000 - 0x00007ff8bbc30000 	C:\WINDOWS\System32\win32u.dll
0x00007ff8bd7b0000 - 0x00007ff8bd7d8000 	C:\WINDOWS\System32\GDI32.dll
0x00007ff8bbfb0000 - 0x00007ff8bc142000 	C:\WINDOWS\System32\gdi32full.dll
0x00007ff8bc860000 - 0x00007ff8bc8ff000 	C:\WINDOWS\System32\msvcp_win.dll
0x00007ff8bbc30000 - 0x00007ff8bbd28000 	C:\WINDOWS\System32\ucrtbase.dll
0x00007ff8aa5e0000 - 0x00007ff8aa849000 	C:\WINDOWS\WinSxS\amd64_microsoft.windows.common-controls_6595b64144ccf1df_6.0.17134.706_none_fb43a2cb30647007\COMCTL32.dll
0x00007ff8bd3b0000 - 0x00007ff8bd6d2000 	C:\WINDOWS\System32\combase.dll
0x00007ff8bc950000 - 0x00007ff8bc9ca000 	C:\WINDOWS\System32\bcryptPrimitives.dll
0x00007ff8bd9d0000 - 0x00007ff8bd9fd000 	C:\WINDOWS\System32\IMM32.DLL
0x0000000068a20000 - 0x0000000068af2000 	C:\Program Files\android-studio\jre\jre\bin\msvcr100.dll
0x0000000068be0000 - 0x0000000069421000 	C:\Program Files\android-studio\jre\jre\bin\server\jvm.dll
0x00007ff8bf7a0000 - 0x00007ff8bf7a8000 	C:\WINDOWS\System32\PSAPI.DLL
0x00007ff8b3300000 - 0x00007ff8b3309000 	C:\WINDOWS\SYSTEM32\WSOCK32.dll
0x00007ff8ba730000 - 0x00007ff8ba73a000 	C:\WINDOWS\SYSTEM32\VERSION.dll
0x00007ff8b87e0000 - 0x00007ff8b8803000 	C:\WINDOWS\SYSTEM32\WINMM.dll
0x00007ff8bd8a0000 - 0x00007ff8bd90c000 	C:\WINDOWS\System32\WS2_32.dll
0x00007ff8b87b0000 - 0x00007ff8b87da000 	C:\WINDOWS\SYSTEM32\winmmbase.dll
0x00007ff8bc900000 - 0x00007ff8bc949000 	C:\WINDOWS\System32\cfgmgr32.dll
0x00007ff8b32d0000 - 0x00007ff8b32df000 	C:\Program Files\android-studio\jre\jre\bin\verify.dll
0x00007ff8a75f0000 - 0x00007ff8a7619000 	C:\Program Files\android-studio\jre\jre\bin\java.dll
0x00007ff8a75d0000 - 0x00007ff8a75e6000 	C:\Program Files\android-studio\jre\jre\bin\zip.dll
0x00007ff8be030000 - 0x00007ff8bf470000 	C:\WINDOWS\System32\SHELL32.dll
0x00007ff8bd7e0000 - 0x00007ff8bd889000 	C:\WINDOWS\System32\shcore.dll
0x00007ff8bc150000 - 0x00007ff8bc85d000 	C:\WINDOWS\System32\windows.storage.dll
0x00007ff8bd350000 - 0x00007ff8bd3a1000 	C:\WINDOWS\System32\shlwapi.dll
0x00007ff8bbb00000 - 0x00007ff8bbb11000 	C:\WINDOWS\System32\kernel.appcore.dll
0x00007ff8bbb90000 - 0x00007ff8bbbaf000 	C:\WINDOWS\System32\profapi.dll
0x00007ff8bbb20000 - 0x00007ff8bbb6c000 	C:\WINDOWS\System32\powrprof.dll
0x00007ff8bbaf0000 - 0x00007ff8bbafa000 	C:\WINDOWS\System32\FLTLIB.DLL
0x00007ff8a7560000 - 0x00007ff8a757a000 	C:\Program Files\android-studio\jre\jre\bin\net.dll
0x00007ff8bb310000 - 0x00007ff8bb376000 	C:\WINDOWS\system32\mswsock.dll
0x00007ff8a74d0000 - 0x00007ff8a74e1000 	C:\Program Files\android-studio\jre\jre\bin\nio.dll
0x00007ff8b1fc0000 - 0x00007ff8b1fde000 	D:\AndroidWork\.gradle\native\25\windows-amd64\native-platform.dll
0x00007ff8b0c50000 - 0x00007ff8b0c5d000 	C:\Program Files\android-studio\jre\jre\bin\management.dll
0x00007ff8bb4c0000 - 0x00007ff8bb4d7000 	C:\WINDOWS\SYSTEM32\CRYPTSP.dll
0x00007ff8baef0000 - 0x00007ff8baf23000 	C:\WINDOWS\system32\rsaenh.dll
0x00007ff8bb650000 - 0x00007ff8bb675000 	C:\WINDOWS\SYSTEM32\bcrypt.dll
0x00007ff8bba20000 - 0x00007ff8bba48000 	C:\WINDOWS\SYSTEM32\USERENV.dll
0x00007ff8bb4e0000 - 0x00007ff8bb4eb000 	C:\WINDOWS\SYSTEM32\CRYPTBASE.dll
0x00007ff8bb090000 - 0x00007ff8bb0c8000 	C:\WINDOWS\SYSTEM32\IPHLPAPI.DLL
0x00007ff8bd890000 - 0x00007ff8bd898000 	C:\WINDOWS\System32\NSI.dll
0x00007ff8b0d50000 - 0x00007ff8b0d66000 	C:\WINDOWS\SYSTEM32\dhcpcsvc6.DLL
0x00007ff8b0cd0000 - 0x00007ff8b0cea000 	C:\WINDOWS\SYSTEM32\dhcpcsvc.DLL

VM Arguments:
jvm_args: -Xmx1536m -Dfile.encoding=GBK -Duser.country=CN -Duser.language=zh -Duser.variant 
java_command: org.gradle.launcher.daemon.bootstrap.GradleDaemon 4.6
java_class_path (initial): D:\AndroidWork\.gradle\wrapper\dists\gradle-4.6-all\bcst21l2brirad8k2ben1letg\gradle-4.6\lib\gradle-launcher-4.6.jar
Launcher Type: SUN_STANDARD

Environment Variables:
JAVA_HOME=C:\Program Files\Java\jdk-11.0.2
JRE_HOME=C:\Program Files\Java\jre1.8.0_171
CLASSPATH=C:\Program Files\Java\jdk-11.0.2\lib\dt.jar;C:\Program Files\Java\jdk-11.0.2\lib\tools.jar;C:\Program Files\Java\jre1.8.0_171\lib\rt.jar;
PATH=C:\Program Files (x86)\Common Files\Oracle\Java\javapath;C:\ProgramData\Oracle\Java\javapath;C:\WINDOWS\system32;C:\WINDOWS;C:\WINDOWS\System32\Wbem;C:\WINDOWS\System32\WindowsPowerShell\v1.0\;C:\Program Files (x86)\Appium\node_modules\.bin;D:\Android_SDK;\tools;D:\Android_SDK;\build-tools\android-4.4W;D:\Android_SDK;\platform-tools;C:\Users\L\AppData\Roaming\Microsoft\Windows\Start Menu\Programs\Python 3.6;C:\WINDOWS\System32\OpenSSH\;";C:\Program Files\Java\jdk-11.0.2\bin;C:\Program Files\Java\jre1.8.0_171\bin;";C:\Program Files\Git\cmd;D:\Env\ffmpeg-20181223-bb586a9-win64-static\bin;C:\Env\Go\bin;";C:\Env\Go\\bin";C:\Program Files\Microsoft SQL Server\130\Tools\Binn\;D:\Program Files\nodejs\;D:\Android_SDK\sdk\platform-tools;D:\Android_SDK\sdk\ndk-bundle;D:\android-sdk_r24.4.1-windows\android-sdk-windows;C:\Program Files\Java\jre1.8.0_171\bin\server;D:\android-sdk_r24.4.1-windows\android-sdk-windows\platform-tools;D:\AndroidWork;D:\flutter_windows_v1.2.1-stable\flutter\bin;C:\Program Files\Java\jdk-11.0.2\bin;C:\Program Files\Java\jdk-11.0.2;C:\MinGW\bin;D:\Program Files\nodejs\node_modules\npm\node_modules;C:\Python37\Scripts\;C:\Users\tfs\AppData\Local\Microsoft\WindowsApps;D:\Program Files\Fiddler;C:\Program Files\JetBrains\IntelliJ IDEA Community Edition 2018.3.1\bin;;C:\Python37;C:\Users\tfs\go\bin;D:\Program Files\Microsoft VS Code\bin;C:\Users\tfs\AppData\Roaming\npm;
USERNAME=tfs
OS=Windows_NT
PROCESSOR_IDENTIFIER=Intel64 Family 6 Model 158 Stepping 9, GenuineIntel



---------------  S Y S T E M  ---------------

OS: Windows 10.0 , 64 bit Build 17134 (10.0.17134.706)

CPU:total 4 (initial active 4) (4 cores per cpu, 1 threads per core) family 6 model 158 stepping 9, cmov, cx8, fxsr, mmx, sse, sse2, sse3, ssse3, sse4.1, sse4.2, popcnt, avx, avx2, aes, clmul, erms, 3dnowpref, lzcnt, tsc, tscinvbit, bmi1, bmi2, adx

Memory: 4k page, physical 16655104k(2295520k free), swap 16655104k(5400k free)

vm_info: OpenJDK 64-Bit Server VM (25.152-b06) for windows-amd64 JRE (1.8.0_152-release-1136-b06), built by "builder" with MS VC++ 10.0 (VS2010)

time: Mon Apr 15 15:23:57 2019
elapsed time: 9 seconds (0d 0h 0m 9s)

